Arguments: 
  /usr/bin/node /usr/bin/yarn add vue-tinder

PATH: 
  /home/merlo/google-cloud-sdk/bin:/home/merlo/anaconda3/bin:/home/merlo/anaconda3/condabin:/home/merlo/.local/bin:/usr/local/sbin:/usr/local/bin:/usr/bin:/opt/cuda/bin:/opt/cuda/nsight_compute:/opt/cuda/nsight_systems/bin:/var/lib/flatpak/exports/bin:/usr/lib/jvm/default/bin:/usr/bin/site_perl:/usr/bin/vendor_perl:/usr/bin/core_perl:/var/lib/snapd/snap/bin

Yarn version: 
  1.22.19

Node version: 
  20.8.0

Platform: 
  linux x64

Trace: 
  Error: getaddrinfo EAI_AGAIN registry.yarnpkg.com
      at GetAddrInfoReqWrap.onlookupall [as oncomplete] (node:dns:118:26)

npm manifest: 
  {
    "name": "junction2023",
    "version": "0.0.0",
    "private": true,
    "scripts": {
      "dev": "vite",
      "build": "run-p type-check \"build-only {@}\" --",
      "preview": "vite preview",
      "test:unit": "vitest",
      "build-only": "vite build",
      "type-check": "vue-tsc --noEmit -p tsconfig.vitest.json --composite false",
      "lint": "eslint . --ext .vue,.js,.jsx,.cjs,.mjs,.ts,.tsx,.cts,.mts --fix --ignore-path .gitignore",
      "format": "prettier --write src/"
    },
    "dependencies": {
      "pinia": "^2.1.7",
      "vue": "^3.3.4",
      "vue-router": "^4.2.5"
    },
    "devDependencies": {
      "@rushstack/eslint-patch": "^1.3.3",
      "@tsconfig/node18": "^18.2.2",
      "@types/jsdom": "^21.1.3",
      "@types/node": "^18.18.5",
      "@vitejs/plugin-vue": "^4.4.0",
      "@vitejs/plugin-vue-jsx": "^3.0.2",
      "@vue/eslint-config-prettier": "^8.0.0",
      "@vue/eslint-config-typescript": "^12.0.0",
      "@vue/test-utils": "^2.4.1",
      "@vue/tsconfig": "^0.4.0",
      "eslint": "^8.49.0",
      "eslint-plugin-vue": "^9.17.0",
      "jsdom": "^22.1.0",
      "npm-run-all2": "^6.1.1",
      "prettier": "^3.0.3",
      "typescript": "~5.2.0",
      "vite": "^4.4.11",
      "vitest": "^0.34.6",
      "vue-tsc": "^1.8.19"
    }
  }

yarn manifest: 
  No manifest

Lockfile: 
  No lockfile
